<?xml version="1.0" encoding="UTF-8"?>
<testng-results skipped="0" failed="0" total="1" passed="1">
  <reporter-output>
  </reporter-output>
  <suite name="Default suite" duration-ms="26989" started-at="2016-10-06T22:17:51Z" finished-at="2016-10-06T22:18:18Z">
    <groups>
    </groups>
    <test name="Default test" duration-ms="26989" started-at="2016-10-06T22:17:51Z" finished-at="2016-10-06T22:18:18Z">
      <class name="imdb_tests.imdb_top250_tests">
        <test-method status="PASS" signature="beforeMethod()[pri:0, instance:imdb_tests.imdb_top250_tests@2a2d45ba]" name="beforeMethod" is-config="true" duration-ms="7802" started-at="2016-10-07T00:17:43Z" finished-at="2016-10-07T00:17:51Z">
          <reporter-output>
          </reporter-output>
        </test-method> <!-- beforeMethod -->
        <test-method status="PASS" signature="testOfSorting()[pri:0, instance:imdb_tests.imdb_top250_tests@2a2d45ba]" name="testOfSorting" duration-ms="26977" started-at="2016-10-07T00:17:51Z" description="Try to sort by any available option in the Sort by dropdown option on page Top rated movies and check if at least 1 movie is in the list" finished-at="2016-10-07T00:18:18Z">
          <reporter-output>
          </reporter-output>
        </test-method> <!-- testOfSorting -->
        <test-method status="PASS" signature="afterMethod()[pri:0, instance:imdb_tests.imdb_top250_tests@2a2d45ba]" name="afterMethod" is-config="true" duration-ms="888" started-at="2016-10-07T00:18:18Z" finished-at="2016-10-07T00:18:19Z">
          <reporter-output>
          </reporter-output>
        </test-method> <!-- afterMethod -->
      </class> <!-- imdb_tests.imdb_top250_tests -->
    </test> <!-- Default test -->
  </suite> <!-- Default suite -->
</testng-results>
