<?xml version="1.0" encoding="UTF-8"?>
<testng-results skipped="0" failed="0" total="1" passed="1">
  <reporter-output>
  </reporter-output>
  <suite name="Default suite" duration-ms="73" started-at="2016-10-07T08:59:56Z" finished-at="2016-10-07T08:59:56Z">
    <groups>
    </groups>
    <test name="Default test" duration-ms="73" started-at="2016-10-07T08:59:56Z" finished-at="2016-10-07T08:59:56Z">
      <class name="imdb_tests.imdb_top250_tests">
        <test-method status="PASS" signature="beforeMethod()[pri:0, instance:imdb_tests.imdb_top250_tests@2a2d45ba]" name="beforeMethod" is-config="true" duration-ms="6414" started-at="2016-10-07T10:59:50Z" finished-at="2016-10-07T10:59:56Z">
          <reporter-output>
          </reporter-output>
        </test-method> <!-- beforeMethod -->
        <test-method status="PASS" signature="testOfTop250()[pri:0, instance:imdb_tests.imdb_top250_tests@2a2d45ba]" name="testOfTop250" duration-ms="59" started-at="2016-10-07T10:59:56Z" description="Check if at least 1 movie is in the list of movies on the IMDb page top 250 " finished-at="2016-10-07T10:59:56Z">
          <reporter-output>
          </reporter-output>
        </test-method> <!-- testOfTop250 -->
        <test-method status="PASS" signature="afterMethod()[pri:0, instance:imdb_tests.imdb_top250_tests@2a2d45ba]" name="afterMethod" is-config="true" duration-ms="889" started-at="2016-10-07T10:59:56Z" finished-at="2016-10-07T10:59:57Z">
          <reporter-output>
          </reporter-output>
        </test-method> <!-- afterMethod -->
      </class> <!-- imdb_tests.imdb_top250_tests -->
    </test> <!-- Default test -->
  </suite> <!-- Default suite -->
</testng-results>
