<?xml version="1.0" encoding="UTF-8"?>
<!-- Generated by org.testng.reporters.JUnitXMLReporter -->
<testsuite hostname="Phobos" name="Test" tests="3" failures="0" timestamp="7 Oct 2016 08:51:39 GMT" time="29.567" errors="0">
  <testcase name="testOfTop250" time="0.059" classname="imdb_tests.imdb_top250_tests"/>
  <testcase name="testOfSorting" time="26.75" classname="imdb_tests.imdb_top250_tests"/>
  <testcase name="testOfGenre" time="2.742" classname="imdb_tests.imdb_top250_tests"/>
</testsuite> <!-- Test -->
