<?xml version="1.0" encoding="UTF-8"?>
<!-- Generated by org.testng.reporters.JUnitXMLReporter -->
<testsuite hostname="Phobos" name="Test" tests="3" failures="0" timestamp="7 Oct 2016 06:31:27 GMT" time="29.454" errors="0">
  <testcase name="testOfTop250" time="0.066" classname="imdb_tests.imdb_top250_tests"/>
  <testcase name="testOfSorting" time="26.787" classname="imdb_tests.imdb_top250_tests"/>
  <testcase name="testOfGenre" time="2.582" classname="imdb_tests.imdb_top250_tests"/>
</testsuite> <!-- Test -->
